<?xml version="1.0" encoding="UTF-8"?>
<!-- Generated by org.testng.reporters.JUnitReportReporter -->
<testsuite hostname="LAPTOP-OKGQ2SHE" failures="0" tests="1" name="org.jenkins.test.JenkinsTest" time="27.525" errors="0" timestamp="2023-04-04T01:42:27 IST" skipped="0">
  <testcase classname="org.jenkins.test.JenkinsTest" name="pipelineTest" time="27.525"/>
  <system-out/>
</testsuite> <!-- org.jenkins.test.JenkinsTest -->
